2018-12-28 18:11:47,475 MutatorMath Executing designspace document: SourceCodePro-Italic.designspace.temp
2018-12-28 18:11:47,532 MutatorMath Writing font.ufo to ../Instances/ExtraLightIt/font.ufo
2018-12-28 18:11:53,133 MutatorMath Validating kerning font.ufo
2018-12-28 18:11:54,274 MutatorMath ../Instances/ExtraLightIt/font.ufo:
Errors calculating 1 glyphs: 
less_exclam_greater
2018-12-28 18:11:54,274 MutatorMath ../Instances/ExtraLightIt/font.ufo:
Missing unicodes for 245 glyphs: 
.notdef
Eng.a
Gtilde
IJacute
LIG
Lcat
a.a
a.supa
aacute.a
abreve.a
abreveacute.a
abrevedotbelow.a
abrevegrave.a
abrevehoi.a
abrevetilde.a
acaron.a
acircumflex.a
acircumflexacute.a
acircumflexdotbelow.a
acircumflexgrave.a
acircumflexhoi.a
acircumflextilde.a
acutecmb.cap
adieresis.a
adotbelow.a
agrave.a
ahoi.a
amacron.a
ampersand_ampersand
aogonek.a
aring.a
aringacute.a
asperacutecmb
aspercmb
aspergravecmb
aspertildecmb
asterisk.a
asterisk_asterisk_asterisk
asterisk_greater
at.case
atilde.a
backslash_backslash
bar_bar
bar_greater
breveacutecmb
breveacutecmb.cap
brevecmb.cap
brevecmb.cyr
brevecmb.cyrcap
brevegravecmb
brevegravecmb.cap
brevehoicmb
brevehoicmb.cap
breveinvertedcmb.cap
brevetildecmb
brevetildecmb.cap
candrabinducmb.cap
caron.a
caroncmb.cap
carondotaccentcmb
carondotaccentcmb.cap
cedillacmb.cap
check.e
checkedbox.e
circumflexacutecmb
circumflexacutecmb.cap
circumflexbrevecmb
circumflexbrevecmb.cap
circumflexcmb.cap
circumflexgravecmb
circumflexgravecmb.cap
circumflexhoicmb
circumflexhoicmb.cap
circumflextildecmb
circumflextildecmb.cap
club.e
coffee.e
colon.sups
colon_colon
colon_colon_colon
comma.dnom
comma.numr
comma.subs
comma.sups
commabelowcmb.a
dblgravecmb.cap
dialytikagravecmb
diamond.e
dieresisacutecmb
dieresisacutecmb.cap
dieresiscaroncmb
dieresiscaroncmb.cap
dieresiscmb.cap
dieresisgravecmb
dieresisgravecmb.cap
dieresismacroncmb
dieresismacroncmb.cap
dieresistildecmb
dollar.a
dotaccentcmb.cap
eacute.sups
egrave.sups
eight.cap
eight.dnom
eight.numr
eight.onum
emdash.sups
endash.sups
eogonek.sups
equal_equal
equal_equal_equal
equal_equal_greater
equal_greater
equal_less_less
exclam_exclam
five.cap
five.dnom
five.numr
five.onum
four.cap
four.dnom
four.numr
four.onum
g.a
g.supa
gacute.a
gbreve.a
gcaron.a
gcircumflex.a
gcommaaccent.a
gdotaccent.a
gmacron.a
gravecmb.cap
greater_equal_greater
greater_greater
greater_greater_equal
greater_greater_greater
greater_greater_hyphen
greater_hyphen
gtilde
gtilde.a
heart.e
heartblackheavy.e
hhook.sups
hoicmb.cap
hungarumlautcmb.cap
hyphen.a
hyphen.sups
hyphen_greater
hyphen_greater_greater
hyphen_less
hyphen_less_less
hyphentwo.a
ijacute
invsmileface.e
iogonek.d
istroke.d
jcrossedtail.d
lcat
lenisacutecmb
lenisgravecmb
lenistildecmb
less_asterisk
less_asterisk_greater
less_bar
less_bar_greater
less_dollar_greater
less_equal_greater
less_equal_less
less_exclam_greater
less_greater
less_hyphen
less_hyphen_greater
less_less
less_less_less
less_plus_greater
lock.e
macronacutecmb
macronacutecmb.cap
macroncmb.cap
nbspace.frac
nine.cap
nine.dnom
nine.numr
nine.onum
notemusical.e
notesmusical.e
ogonekcmb.cap
one.a
one.ac
one.ao
one.cap
one.dnom
one.numr
one.onum
ordfeminine.a
overlinecmb.cap
parenleft.dnom
parenleft.numr
parenright.dnom
parenright.numr
period.dnom
period.numr
period.subs
period.sups
period_period
period_period_period
perispomenicmb.cap
plus_plus
plus_plus_plus
poop.e
q.sups
ringcmb.cap
robot.e
seven.cap
seven.dnom
seven.numr
seven.onum
sfthyphen.a
six.cap
six.dnom
six.numr
six.onum
slash.frac
slash_equal
smileface.e
space.frac
spade.e
three.cap
three.dnom
three.numr
three.onum
tildecmb.cap
two.cap
two.dnom
two.numr
two.onum
variacmb
zero.0
zero.0c
zero.0o
zero.cap
zero.dnom
zero.numr
zero.onum
2018-12-28 18:11:54,380 MutatorMath Writing font.ufo to ../Instances/LightIt/font.ufo
2018-12-28 18:11:56,303 MutatorMath Validating kerning font.ufo
2018-12-28 18:11:57,454 MutatorMath ../Instances/LightIt/font.ufo:
Errors calculating 1 glyphs: 
less_exclam_greater
2018-12-28 18:11:57,455 MutatorMath ../Instances/LightIt/font.ufo:
Missing unicodes for 245 glyphs: 
.notdef
Eng.a
Gtilde
IJacute
LIG
Lcat
a.a
a.supa
aacute.a
abreve.a
abreveacute.a
abrevedotbelow.a
abrevegrave.a
abrevehoi.a
abrevetilde.a
acaron.a
acircumflex.a
acircumflexacute.a
acircumflexdotbelow.a
acircumflexgrave.a
acircumflexhoi.a
acircumflextilde.a
acutecmb.cap
adieresis.a
adotbelow.a
agrave.a
ahoi.a
amacron.a
ampersand_ampersand
aogonek.a
aring.a
aringacute.a
asperacutecmb
aspercmb
aspergravecmb
aspertildecmb
asterisk.a
asterisk_asterisk_asterisk
asterisk_greater
at.case
atilde.a
backslash_backslash
bar_bar
bar_greater
breveacutecmb
breveacutecmb.cap
brevecmb.cap
brevecmb.cyr
brevecmb.cyrcap
brevegravecmb
brevegravecmb.cap
brevehoicmb
brevehoicmb.cap
breveinvertedcmb.cap
brevetildecmb
brevetildecmb.cap
candrabinducmb.cap
caron.a
caroncmb.cap
carondotaccentcmb
carondotaccentcmb.cap
cedillacmb.cap
check.e
checkedbox.e
circumflexacutecmb
circumflexacutecmb.cap
circumflexbrevecmb
circumflexbrevecmb.cap
circumflexcmb.cap
circumflexgravecmb
circumflexgravecmb.cap
circumflexhoicmb
circumflexhoicmb.cap
circumflextildecmb
circumflextildecmb.cap
club.e
coffee.e
colon.sups
colon_colon
colon_colon_colon
comma.dnom
comma.numr
comma.subs
comma.sups
commabelowcmb.a
dblgravecmb.cap
dialytikagravecmb
diamond.e
dieresisacutecmb
dieresisacutecmb.cap
dieresiscaroncmb
dieresiscaroncmb.cap
dieresiscmb.cap
dieresisgravecmb
dieresisgravecmb.cap
dieresismacroncmb
dieresismacroncmb.cap
dieresistildecmb
dollar.a
dotaccentcmb.cap
eacute.sups
egrave.sups
eight.cap
eight.dnom
eight.numr
eight.onum
emdash.sups
endash.sups
eogonek.sups
equal_equal
equal_equal_equal
equal_equal_greater
equal_greater
equal_less_less
exclam_exclam
five.cap
five.dnom
five.numr
five.onum
four.cap
four.dnom
four.numr
four.onum
g.a
g.supa
gacute.a
gbreve.a
gcaron.a
gcircumflex.a
gcommaaccent.a
gdotaccent.a
gmacron.a
gravecmb.cap
greater_equal_greater
greater_greater
greater_greater_equal
greater_greater_greater
greater_greater_hyphen
greater_hyphen
gtilde
gtilde.a
heart.e
heartblackheavy.e
hhook.sups
hoicmb.cap
hungarumlautcmb.cap
hyphen.a
hyphen.sups
hyphen_greater
hyphen_greater_greater
hyphen_less
hyphen_less_less
hyphentwo.a
ijacute
invsmileface.e
iogonek.d
istroke.d
jcrossedtail.d
lcat
lenisacutecmb
lenisgravecmb
lenistildecmb
less_asterisk
less_asterisk_greater
less_bar
less_bar_greater
less_dollar_greater
less_equal_greater
less_equal_less
less_exclam_greater
less_greater
less_hyphen
less_hyphen_greater
less_less
less_less_less
less_plus_greater
lock.e
macronacutecmb
macronacutecmb.cap
macroncmb.cap
nbspace.frac
nine.cap
nine.dnom
nine.numr
nine.onum
notemusical.e
notesmusical.e
ogonekcmb.cap
one.a
one.ac
one.ao
one.cap
one.dnom
one.numr
one.onum
ordfeminine.a
overlinecmb.cap
parenleft.dnom
parenleft.numr
parenright.dnom
parenright.numr
period.dnom
period.numr
period.subs
period.sups
period_period
period_period_period
perispomenicmb.cap
plus_plus
plus_plus_plus
poop.e
q.sups
ringcmb.cap
robot.e
seven.cap
seven.dnom
seven.numr
seven.onum
sfthyphen.a
six.cap
six.dnom
six.numr
six.onum
slash.frac
slash_equal
smileface.e
space.frac
spade.e
three.cap
three.dnom
three.numr
three.onum
tildecmb.cap
two.cap
two.dnom
two.numr
two.onum
variacmb
zero.0
zero.0c
zero.0o
zero.cap
zero.dnom
zero.numr
zero.onum
2018-12-28 18:11:57,565 MutatorMath Writing font.ufo to ../Instances/It/font.ufo
2018-12-28 18:11:59,341 MutatorMath Validating kerning font.ufo
2018-12-28 18:12:00,487 MutatorMath ../Instances/It/font.ufo:
Errors calculating 1 glyphs: 
less_exclam_greater
2018-12-28 18:12:00,487 MutatorMath ../Instances/It/font.ufo:
Missing unicodes for 245 glyphs: 
.notdef
Eng.a
Gtilde
IJacute
LIG
Lcat
a.a
a.supa
aacute.a
abreve.a
abreveacute.a
abrevedotbelow.a
abrevegrave.a
abrevehoi.a
abrevetilde.a
acaron.a
acircumflex.a
acircumflexacute.a
acircumflexdotbelow.a
acircumflexgrave.a
acircumflexhoi.a
acircumflextilde.a
acutecmb.cap
adieresis.a
adotbelow.a
agrave.a
ahoi.a
amacron.a
ampersand_ampersand
aogonek.a
aring.a
aringacute.a
asperacutecmb
aspercmb
aspergravecmb
aspertildecmb
asterisk.a
asterisk_asterisk_asterisk
asterisk_greater
at.case
atilde.a
backslash_backslash
bar_bar
bar_greater
breveacutecmb
breveacutecmb.cap
brevecmb.cap
brevecmb.cyr
brevecmb.cyrcap
brevegravecmb
brevegravecmb.cap
brevehoicmb
brevehoicmb.cap
breveinvertedcmb.cap
brevetildecmb
brevetildecmb.cap
candrabinducmb.cap
caron.a
caroncmb.cap
carondotaccentcmb
carondotaccentcmb.cap
cedillacmb.cap
check.e
checkedbox.e
circumflexacutecmb
circumflexacutecmb.cap
circumflexbrevecmb
circumflexbrevecmb.cap
circumflexcmb.cap
circumflexgravecmb
circumflexgravecmb.cap
circumflexhoicmb
circumflexhoicmb.cap
circumflextildecmb
circumflextildecmb.cap
club.e
coffee.e
colon.sups
colon_colon
colon_colon_colon
comma.dnom
comma.numr
comma.subs
comma.sups
commabelowcmb.a
dblgravecmb.cap
dialytikagravecmb
diamond.e
dieresisacutecmb
dieresisacutecmb.cap
dieresiscaroncmb
dieresiscaroncmb.cap
dieresiscmb.cap
dieresisgravecmb
dieresisgravecmb.cap
dieresismacroncmb
dieresismacroncmb.cap
dieresistildecmb
dollar.a
dotaccentcmb.cap
eacute.sups
egrave.sups
eight.cap
eight.dnom
eight.numr
eight.onum
emdash.sups
endash.sups
eogonek.sups
equal_equal
equal_equal_equal
equal_equal_greater
equal_greater
equal_less_less
exclam_exclam
five.cap
five.dnom
five.numr
five.onum
four.cap
four.dnom
four.numr
four.onum
g.a
g.supa
gacute.a
gbreve.a
gcaron.a
gcircumflex.a
gcommaaccent.a
gdotaccent.a
gmacron.a
gravecmb.cap
greater_equal_greater
greater_greater
greater_greater_equal
greater_greater_greater
greater_greater_hyphen
greater_hyphen
gtilde
gtilde.a
heart.e
heartblackheavy.e
hhook.sups
hoicmb.cap
hungarumlautcmb.cap
hyphen.a
hyphen.sups
hyphen_greater
hyphen_greater_greater
hyphen_less
hyphen_less_less
hyphentwo.a
ijacute
invsmileface.e
iogonek.d
istroke.d
jcrossedtail.d
lcat
lenisacutecmb
lenisgravecmb
lenistildecmb
less_asterisk
less_asterisk_greater
less_bar
less_bar_greater
less_dollar_greater
less_equal_greater
less_equal_less
less_exclam_greater
less_greater
less_hyphen
less_hyphen_greater
less_less
less_less_less
less_plus_greater
lock.e
macronacutecmb
macronacutecmb.cap
macroncmb.cap
nbspace.frac
nine.cap
nine.dnom
nine.numr
nine.onum
notemusical.e
notesmusical.e
ogonekcmb.cap
one.a
one.ac
one.ao
one.cap
one.dnom
one.numr
one.onum
ordfeminine.a
overlinecmb.cap
parenleft.dnom
parenleft.numr
parenright.dnom
parenright.numr
period.dnom
period.numr
period.subs
period.sups
period_period
period_period_period
perispomenicmb.cap
plus_plus
plus_plus_plus
poop.e
q.sups
ringcmb.cap
robot.e
seven.cap
seven.dnom
seven.numr
seven.onum
sfthyphen.a
six.cap
six.dnom
six.numr
six.onum
slash.frac
slash_equal
smileface.e
space.frac
spade.e
three.cap
three.dnom
three.numr
three.onum
tildecmb.cap
two.cap
two.dnom
two.numr
two.onum
variacmb
zero.0
zero.0c
zero.0o
zero.cap
zero.dnom
zero.numr
zero.onum
2018-12-28 18:12:00,599 MutatorMath Writing font.ufo to ../Instances/MediumIt/font.ufo
2018-12-28 18:12:02,339 MutatorMath Validating kerning font.ufo
2018-12-28 18:12:03,478 MutatorMath ../Instances/MediumIt/font.ufo:
Errors calculating 1 glyphs: 
less_exclam_greater
2018-12-28 18:12:03,478 MutatorMath ../Instances/MediumIt/font.ufo:
Missing unicodes for 245 glyphs: 
.notdef
Eng.a
Gtilde
IJacute
LIG
Lcat
a.a
a.supa
aacute.a
abreve.a
abreveacute.a
abrevedotbelow.a
abrevegrave.a
abrevehoi.a
abrevetilde.a
acaron.a
acircumflex.a
acircumflexacute.a
acircumflexdotbelow.a
acircumflexgrave.a
acircumflexhoi.a
acircumflextilde.a
acutecmb.cap
adieresis.a
adotbelow.a
agrave.a
ahoi.a
amacron.a
ampersand_ampersand
aogonek.a
aring.a
aringacute.a
asperacutecmb
aspercmb
aspergravecmb
aspertildecmb
asterisk.a
asterisk_asterisk_asterisk
asterisk_greater
at.case
atilde.a
backslash_backslash
bar_bar
bar_greater
breveacutecmb
breveacutecmb.cap
brevecmb.cap
brevecmb.cyr
brevecmb.cyrcap
brevegravecmb
brevegravecmb.cap
brevehoicmb
brevehoicmb.cap
breveinvertedcmb.cap
brevetildecmb
brevetildecmb.cap
candrabinducmb.cap
caron.a
caroncmb.cap
carondotaccentcmb
carondotaccentcmb.cap
cedillacmb.cap
check.e
checkedbox.e
circumflexacutecmb
circumflexacutecmb.cap
circumflexbrevecmb
circumflexbrevecmb.cap
circumflexcmb.cap
circumflexgravecmb
circumflexgravecmb.cap
circumflexhoicmb
circumflexhoicmb.cap
circumflextildecmb
circumflextildecmb.cap
club.e
coffee.e
colon.sups
colon_colon
colon_colon_colon
comma.dnom
comma.numr
comma.subs
comma.sups
commabelowcmb.a
dblgravecmb.cap
dialytikagravecmb
diamond.e
dieresisacutecmb
dieresisacutecmb.cap
dieresiscaroncmb
dieresiscaroncmb.cap
dieresiscmb.cap
dieresisgravecmb
dieresisgravecmb.cap
dieresismacroncmb
dieresismacroncmb.cap
dieresistildecmb
dollar.a
dotaccentcmb.cap
eacute.sups
egrave.sups
eight.cap
eight.dnom
eight.numr
eight.onum
emdash.sups
endash.sups
eogonek.sups
equal_equal
equal_equal_equal
equal_equal_greater
equal_greater
equal_less_less
exclam_exclam
five.cap
five.dnom
five.numr
five.onum
four.cap
four.dnom
four.numr
four.onum
g.a
g.supa
gacute.a
gbreve.a
gcaron.a
gcircumflex.a
gcommaaccent.a
gdotaccent.a
gmacron.a
gravecmb.cap
greater_equal_greater
greater_greater
greater_greater_equal
greater_greater_greater
greater_greater_hyphen
greater_hyphen
gtilde
gtilde.a
heart.e
heartblackheavy.e
hhook.sups
hoicmb.cap
hungarumlautcmb.cap
hyphen.a
hyphen.sups
hyphen_greater
hyphen_greater_greater
hyphen_less
hyphen_less_less
hyphentwo.a
ijacute
invsmileface.e
iogonek.d
istroke.d
jcrossedtail.d
lcat
lenisacutecmb
lenisgravecmb
lenistildecmb
less_asterisk
less_asterisk_greater
less_bar
less_bar_greater
less_dollar_greater
less_equal_greater
less_equal_less
less_exclam_greater
less_greater
less_hyphen
less_hyphen_greater
less_less
less_less_less
less_plus_greater
lock.e
macronacutecmb
macronacutecmb.cap
macroncmb.cap
nbspace.frac
nine.cap
nine.dnom
nine.numr
nine.onum
notemusical.e
notesmusical.e
ogonekcmb.cap
one.a
one.ac
one.ao
one.cap
one.dnom
one.numr
one.onum
ordfeminine.a
overlinecmb.cap
parenleft.dnom
parenleft.numr
parenright.dnom
parenright.numr
period.dnom
period.numr
period.subs
period.sups
period_period
period_period_period
perispomenicmb.cap
plus_plus
plus_plus_plus
poop.e
q.sups
ringcmb.cap
robot.e
seven.cap
seven.dnom
seven.numr
seven.onum
sfthyphen.a
six.cap
six.dnom
six.numr
six.onum
slash.frac
slash_equal
smileface.e
space.frac
spade.e
three.cap
three.dnom
three.numr
three.onum
tildecmb.cap
two.cap
two.dnom
two.numr
two.onum
variacmb
zero.0
zero.0c
zero.0o
zero.cap
zero.dnom
zero.numr
zero.onum
2018-12-28 18:12:03,588 MutatorMath Writing font.ufo to ../Instances/SemiboldIt/font.ufo
2018-12-28 18:12:05,452 MutatorMath Validating kerning font.ufo
2018-12-28 18:12:06,600 MutatorMath ../Instances/SemiboldIt/font.ufo:
Errors calculating 1 glyphs: 
less_exclam_greater
2018-12-28 18:12:06,600 MutatorMath ../Instances/SemiboldIt/font.ufo:
Missing unicodes for 245 glyphs: 
.notdef
Eng.a
Gtilde
IJacute
LIG
Lcat
a.a
a.supa
aacute.a
abreve.a
abreveacute.a
abrevedotbelow.a
abrevegrave.a
abrevehoi.a
abrevetilde.a
acaron.a
acircumflex.a
acircumflexacute.a
acircumflexdotbelow.a
acircumflexgrave.a
acircumflexhoi.a
acircumflextilde.a
acutecmb.cap
adieresis.a
adotbelow.a
agrave.a
ahoi.a
amacron.a
ampersand_ampersand
aogonek.a
aring.a
aringacute.a
asperacutecmb
aspercmb
aspergravecmb
aspertildecmb
asterisk.a
asterisk_asterisk_asterisk
asterisk_greater
at.case
atilde.a
backslash_backslash
bar_bar
bar_greater
breveacutecmb
breveacutecmb.cap
brevecmb.cap
brevecmb.cyr
brevecmb.cyrcap
brevegravecmb
brevegravecmb.cap
brevehoicmb
brevehoicmb.cap
breveinvertedcmb.cap
brevetildecmb
brevetildecmb.cap
candrabinducmb.cap
caron.a
caroncmb.cap
carondotaccentcmb
carondotaccentcmb.cap
cedillacmb.cap
check.e
checkedbox.e
circumflexacutecmb
circumflexacutecmb.cap
circumflexbrevecmb
circumflexbrevecmb.cap
circumflexcmb.cap
circumflexgravecmb
circumflexgravecmb.cap
circumflexhoicmb
circumflexhoicmb.cap
circumflextildecmb
circumflextildecmb.cap
club.e
coffee.e
colon.sups
colon_colon
colon_colon_colon
comma.dnom
comma.numr
comma.subs
comma.sups
commabelowcmb.a
dblgravecmb.cap
dialytikagravecmb
diamond.e
dieresisacutecmb
dieresisacutecmb.cap
dieresiscaroncmb
dieresiscaroncmb.cap
dieresiscmb.cap
dieresisgravecmb
dieresisgravecmb.cap
dieresismacroncmb
dieresismacroncmb.cap
dieresistildecmb
dollar.a
dotaccentcmb.cap
eacute.sups
egrave.sups
eight.cap
eight.dnom
eight.numr
eight.onum
emdash.sups
endash.sups
eogonek.sups
equal_equal
equal_equal_equal
equal_equal_greater
equal_greater
equal_less_less
exclam_exclam
five.cap
five.dnom
five.numr
five.onum
four.cap
four.dnom
four.numr
four.onum
g.a
g.supa
gacute.a
gbreve.a
gcaron.a
gcircumflex.a
gcommaaccent.a
gdotaccent.a
gmacron.a
gravecmb.cap
greater_equal_greater
greater_greater
greater_greater_equal
greater_greater_greater
greater_greater_hyphen
greater_hyphen
gtilde
gtilde.a
heart.e
heartblackheavy.e
hhook.sups
hoicmb.cap
hungarumlautcmb.cap
hyphen.a
hyphen.sups
hyphen_greater
hyphen_greater_greater
hyphen_less
hyphen_less_less
hyphentwo.a
ijacute
invsmileface.e
iogonek.d
istroke.d
jcrossedtail.d
lcat
lenisacutecmb
lenisgravecmb
lenistildecmb
less_asterisk
less_asterisk_greater
less_bar
less_bar_greater
less_dollar_greater
less_equal_greater
less_equal_less
less_exclam_greater
less_greater
less_hyphen
less_hyphen_greater
less_less
less_less_less
less_plus_greater
lock.e
macronacutecmb
macronacutecmb.cap
macroncmb.cap
nbspace.frac
nine.cap
nine.dnom
nine.numr
nine.onum
notemusical.e
notesmusical.e
ogonekcmb.cap
one.a
one.ac
one.ao
one.cap
one.dnom
one.numr
one.onum
ordfeminine.a
overlinecmb.cap
parenleft.dnom
parenleft.numr
parenright.dnom
parenright.numr
period.dnom
period.numr
period.subs
period.sups
period_period
period_period_period
perispomenicmb.cap
plus_plus
plus_plus_plus
poop.e
q.sups
ringcmb.cap
robot.e
seven.cap
seven.dnom
seven.numr
seven.onum
sfthyphen.a
six.cap
six.dnom
six.numr
six.onum
slash.frac
slash_equal
smileface.e
space.frac
spade.e
three.cap
three.dnom
three.numr
three.onum
tildecmb.cap
two.cap
two.dnom
two.numr
two.onum
variacmb
zero.0
zero.0c
zero.0o
zero.cap
zero.dnom
zero.numr
zero.onum
2018-12-28 18:12:06,713 MutatorMath Writing font.ufo to ../Instances/BoldIt/font.ufo
2018-12-28 18:12:08,503 MutatorMath Validating kerning font.ufo
2018-12-28 18:12:09,647 MutatorMath ../Instances/BoldIt/font.ufo:
Errors calculating 1 glyphs: 
less_exclam_greater
2018-12-28 18:12:09,647 MutatorMath ../Instances/BoldIt/font.ufo:
Missing unicodes for 245 glyphs: 
.notdef
Eng.a
Gtilde
IJacute
LIG
Lcat
a.a
a.supa
aacute.a
abreve.a
abreveacute.a
abrevedotbelow.a
abrevegrave.a
abrevehoi.a
abrevetilde.a
acaron.a
acircumflex.a
acircumflexacute.a
acircumflexdotbelow.a
acircumflexgrave.a
acircumflexhoi.a
acircumflextilde.a
acutecmb.cap
adieresis.a
adotbelow.a
agrave.a
ahoi.a
amacron.a
ampersand_ampersand
aogonek.a
aring.a
aringacute.a
asperacutecmb
aspercmb
aspergravecmb
aspertildecmb
asterisk.a
asterisk_asterisk_asterisk
asterisk_greater
at.case
atilde.a
backslash_backslash
bar_bar
bar_greater
breveacutecmb
breveacutecmb.cap
brevecmb.cap
brevecmb.cyr
brevecmb.cyrcap
brevegravecmb
brevegravecmb.cap
brevehoicmb
brevehoicmb.cap
breveinvertedcmb.cap
brevetildecmb
brevetildecmb.cap
candrabinducmb.cap
caron.a
caroncmb.cap
carondotaccentcmb
carondotaccentcmb.cap
cedillacmb.cap
check.e
checkedbox.e
circumflexacutecmb
circumflexacutecmb.cap
circumflexbrevecmb
circumflexbrevecmb.cap
circumflexcmb.cap
circumflexgravecmb
circumflexgravecmb.cap
circumflexhoicmb
circumflexhoicmb.cap
circumflextildecmb
circumflextildecmb.cap
club.e
coffee.e
colon.sups
colon_colon
colon_colon_colon
comma.dnom
comma.numr
comma.subs
comma.sups
commabelowcmb.a
dblgravecmb.cap
dialytikagravecmb
diamond.e
dieresisacutecmb
dieresisacutecmb.cap
dieresiscaroncmb
dieresiscaroncmb.cap
dieresiscmb.cap
dieresisgravecmb
dieresisgravecmb.cap
dieresismacroncmb
dieresismacroncmb.cap
dieresistildecmb
dollar.a
dotaccentcmb.cap
eacute.sups
egrave.sups
eight.cap
eight.dnom
eight.numr
eight.onum
emdash.sups
endash.sups
eogonek.sups
equal_equal
equal_equal_equal
equal_equal_greater
equal_greater
equal_less_less
exclam_exclam
five.cap
five.dnom
five.numr
five.onum
four.cap
four.dnom
four.numr
four.onum
g.a
g.supa
gacute.a
gbreve.a
gcaron.a
gcircumflex.a
gcommaaccent.a
gdotaccent.a
gmacron.a
gravecmb.cap
greater_equal_greater
greater_greater
greater_greater_equal
greater_greater_greater
greater_greater_hyphen
greater_hyphen
gtilde
gtilde.a
heart.e
heartblackheavy.e
hhook.sups
hoicmb.cap
hungarumlautcmb.cap
hyphen.a
hyphen.sups
hyphen_greater
hyphen_greater_greater
hyphen_less
hyphen_less_less
hyphentwo.a
ijacute
invsmileface.e
iogonek.d
istroke.d
jcrossedtail.d
lcat
lenisacutecmb
lenisgravecmb
lenistildecmb
less_asterisk
less_asterisk_greater
less_bar
less_bar_greater
less_dollar_greater
less_equal_greater
less_equal_less
less_exclam_greater
less_greater
less_hyphen
less_hyphen_greater
less_less
less_less_less
less_plus_greater
lock.e
macronacutecmb
macronacutecmb.cap
macroncmb.cap
nbspace.frac
nine.cap
nine.dnom
nine.numr
nine.onum
notemusical.e
notesmusical.e
ogonekcmb.cap
one.a
one.ac
one.ao
one.cap
one.dnom
one.numr
one.onum
ordfeminine.a
overlinecmb.cap
parenleft.dnom
parenleft.numr
parenright.dnom
parenright.numr
period.dnom
period.numr
period.subs
period.sups
period_period
period_period_period
perispomenicmb.cap
plus_plus
plus_plus_plus
poop.e
q.sups
ringcmb.cap
robot.e
seven.cap
seven.dnom
seven.numr
seven.onum
sfthyphen.a
six.cap
six.dnom
six.numr
six.onum
slash.frac
slash_equal
smileface.e
space.frac
spade.e
three.cap
three.dnom
three.numr
three.onum
tildecmb.cap
two.cap
two.dnom
two.numr
two.onum
variacmb
zero.0
zero.0c
zero.0o
zero.cap
zero.dnom
zero.numr
zero.onum
2018-12-28 18:12:09,755 MutatorMath Writing font.ufo to ../Instances/BlackIt/font.ufo
2018-12-28 18:12:11,647 MutatorMath Validating kerning font.ufo
2018-12-28 18:12:12,883 MutatorMath ../Instances/BlackIt/font.ufo:
Errors calculating 1 glyphs: 
less_exclam_greater
2018-12-28 18:12:12,883 MutatorMath ../Instances/BlackIt/font.ufo:
Missing unicodes for 245 glyphs: 
.notdef
Eng.a
Gtilde
IJacute
LIG
Lcat
a.a
a.supa
aacute.a
abreve.a
abreveacute.a
abrevedotbelow.a
abrevegrave.a
abrevehoi.a
abrevetilde.a
acaron.a
acircumflex.a
acircumflexacute.a
acircumflexdotbelow.a
acircumflexgrave.a
acircumflexhoi.a
acircumflextilde.a
acutecmb.cap
adieresis.a
adotbelow.a
agrave.a
ahoi.a
amacron.a
ampersand_ampersand
aogonek.a
aring.a
aringacute.a
asperacutecmb
aspercmb
aspergravecmb
aspertildecmb
asterisk.a
asterisk_asterisk_asterisk
asterisk_greater
at.case
atilde.a
backslash_backslash
bar_bar
bar_greater
breveacutecmb
breveacutecmb.cap
brevecmb.cap
brevecmb.cyr
brevecmb.cyrcap
brevegravecmb
brevegravecmb.cap
brevehoicmb
brevehoicmb.cap
breveinvertedcmb.cap
brevetildecmb
brevetildecmb.cap
candrabinducmb.cap
caron.a
caroncmb.cap
carondotaccentcmb
carondotaccentcmb.cap
cedillacmb.cap
check.e
checkedbox.e
circumflexacutecmb
circumflexacutecmb.cap
circumflexbrevecmb
circumflexbrevecmb.cap
circumflexcmb.cap
circumflexgravecmb
circumflexgravecmb.cap
circumflexhoicmb
circumflexhoicmb.cap
circumflextildecmb
circumflextildecmb.cap
club.e
coffee.e
colon.sups
colon_colon
colon_colon_colon
comma.dnom
comma.numr
comma.subs
comma.sups
commabelowcmb.a
dblgravecmb.cap
dialytikagravecmb
diamond.e
dieresisacutecmb
dieresisacutecmb.cap
dieresiscaroncmb
dieresiscaroncmb.cap
dieresiscmb.cap
dieresisgravecmb
dieresisgravecmb.cap
dieresismacroncmb
dieresismacroncmb.cap
dieresistildecmb
dollar.a
dotaccentcmb.cap
eacute.sups
egrave.sups
eight.cap
eight.dnom
eight.numr
eight.onum
emdash.sups
endash.sups
eogonek.sups
equal_equal
equal_equal_equal
equal_equal_greater
equal_greater
equal_less_less
exclam_exclam
five.cap
five.dnom
five.numr
five.onum
four.cap
four.dnom
four.numr
four.onum
g.a
g.supa
gacute.a
gbreve.a
gcaron.a
gcircumflex.a
gcommaaccent.a
gdotaccent.a
gmacron.a
gravecmb.cap
greater_equal_greater
greater_greater
greater_greater_equal
greater_greater_greater
greater_greater_hyphen
greater_hyphen
gtilde
gtilde.a
heart.e
heartblackheavy.e
hhook.sups
hoicmb.cap
hungarumlautcmb.cap
hyphen.a
hyphen.sups
hyphen_greater
hyphen_greater_greater
hyphen_less
hyphen_less_less
hyphentwo.a
ijacute
invsmileface.e
iogonek.d
istroke.d
jcrossedtail.d
lcat
lenisacutecmb
lenisgravecmb
lenistildecmb
less_asterisk
less_asterisk_greater
less_bar
less_bar_greater
less_dollar_greater
less_equal_greater
less_equal_less
less_exclam_greater
less_greater
less_hyphen
less_hyphen_greater
less_less
less_less_less
less_plus_greater
lock.e
macronacutecmb
macronacutecmb.cap
macroncmb.cap
nbspace.frac
nine.cap
nine.dnom
nine.numr
nine.onum
notemusical.e
notesmusical.e
ogonekcmb.cap
one.a
one.ac
one.ao
one.cap
one.dnom
one.numr
one.onum
ordfeminine.a
overlinecmb.cap
parenleft.dnom
parenleft.numr
parenright.dnom
parenright.numr
period.dnom
period.numr
period.subs
period.sups
period_period
period_period_period
perispomenicmb.cap
plus_plus
plus_plus_plus
poop.e
q.sups
ringcmb.cap
robot.e
seven.cap
seven.dnom
seven.numr
seven.onum
sfthyphen.a
six.cap
six.dnom
six.numr
six.onum
slash.frac
slash_equal
smileface.e
space.frac
spade.e
three.cap
three.dnom
three.numr
three.onum
tildecmb.cap
two.cap
two.dnom
two.numr
two.onum
variacmb
zero.0
zero.0c
zero.0o
zero.cap
zero.dnom
zero.numr
zero.onum
2018-12-28 18:12:12,995 MutatorMath Done
