2018-12-28 18:10:27,966 MutatorMath Executing designspace document: SourceCodePro.designspace.temp
2018-12-28 18:10:28,033 MutatorMath Writing font.ufo to ../Instances/ExtraLight/font.ufo
2018-12-28 18:10:34,767 MutatorMath Validating kerning font.ufo
2018-12-28 18:10:36,194 MutatorMath ../Instances/ExtraLight/font.ufo:
Missing unicodes for 293 glyphs: 
.notdef
Eng.a
Gtilde
IJacute
LIG
Lcat
a.a
a.supa
aacute.a
abreve.a
abreveacute.a
abrevecyr.a
abrevedotbelow.a
abrevegrave.a
abrevehoi.a
abrevetilde.a
acaron.a
acircumflex.a
acircumflexacute.a
acircumflexdotbelow.a
acircumflexgrave.a
acircumflexhoi.a
acircumflextilde.a
acutecmb.cap
acyr.a
adieresis.a
adotbelow.a
agrave.a
ahoi.a
amacron.a
ampersand_ampersand
anoteleia.cap
aogonek.a
aring.a
aringacute.a
asper.cap
asperacute.cap
asperacutecmb
aspercmb
aspergrave.cap
aspergravecmb
aspertilde.cap
aspertildecmb
asterisk.a
asterisk_asterisk_asterisk
asterisk_greater
at.case
atilde.a
backslash_backslash
bar_bar
bar_greater
be.srb
breveacutecmb
breveacutecmb.cap
brevecmb.cap
brevecmb.cyr
brevecmb.cyrcap
brevegravecmb
brevegravecmb.cap
brevehoicmb
brevehoicmb.cap
breveinvertedcmb.cap
brevetildecmb
brevetildecmb.cap
candrabinducmb.cap
caron.a
caroncmb.cap
carondotaccentcmb
carondotaccentcmb.cap
cedillacmb.cap
check.e
checkedbox.e
circumflexacutecmb
circumflexacutecmb.cap
circumflexbrevecmb
circumflexbrevecmb.cap
circumflexcmb.cap
circumflexgravecmb
circumflexgravecmb.cap
circumflexhoicmb
circumflexhoicmb.cap
circumflextildecmb
circumflextildecmb.cap
club.e
coffee.e
colon.sups
colon_colon
colon_colon_colon
comma.dnom
comma.numr
comma.subs
comma.sups
commabelowcmb.a
dblgravecmb.cap
dialytikagravecmb
diamond.e
dieresisacutecmb
dieresisacutecmb.cap
dieresiscaroncmb
dieresiscaroncmb.cap
dieresiscmb.cap
dieresisgravecmb
dieresisgravecmb.cap
dieresismacroncmb
dieresismacroncmb.cap
dieresistildecmb
dollar.a
dotaccentcmb.cap
dotlessi.a
eacute.sups
egrave.sups
eight.cap
eight.dnom
eight.numr
eight.onum
emdash.sups
endash.sups
eogonek.sups
equal_equal
equal_equal_equal
equal_equal_greater
equal_greater
equal_less_less
exclam_exclam
five.cap
five.dnom
five.numr
five.onum
four.cap
four.dnom
four.numr
four.onum
g.a
g.supa
gacute.a
gbreve.a
gcaron.a
gcircumflex.a
gcommaaccent.a
gdotaccent.a
gmacron.a
gravecmb.cap
greater_equal_greater
greater_greater
greater_greater_equal
greater_greater_greater
greater_greater_hyphen
greater_hyphen
gtilde
gtilde.a
heart.e
heartblackheavy.e
hhook.sups
hoicmb.cap
hungarumlautcmb.cap
hyphen.a
hyphen.sups
hyphen_greater
hyphen_greater_greater
hyphen_less
hyphen_less_less
hyphentwo.a
i.a
i.supa
iacute.a
ibreve.a
icaron.a
icircumflex.a
idieresis.a
idotbelow.a
igrave.a
ihoi.a
ijacute
imacron.a
invsmileface.e
iogonek.a
iogonek.d
iogonek.da
istroke.a
istroke.d
istroke.da
itilde.a
iukran.a
jcrossedtail.d
l.a
lacute.a
lbelt.a
lcaron.a
lcat
lcat.a
lcommaaccent.a
ldot.a
ldotbelow.a
ldotbelowmacron.a
lenis.cap
lenisacute.cap
lenisacutecmb
lenisgrave.cap
lenisgravecmb
lenistilde.cap
lenistildecmb
less_asterisk
less_asterisk_greater
less_bar
less_bar_greater
less_dollar_greater
less_equal_greater
less_equal_less
less_exclam_greater
less_greater
less_hyphen
less_hyphen_greater
less_less
less_less_less
less_plus_greater
llinebelow.a
lmiddletilde.a
lock.e
lslash.a
macronacutecmb
macronacutecmb.cap
macroncmb.cap
nbspace.frac
nine.cap
nine.dnom
nine.numr
nine.onum
notemusical.e
notesmusical.e
ogonekcmb.cap
one.a
one.ac
one.ao
one.cap
one.dnom
one.numr
one.onum
ordfeminine.a
overlinecmb.cap
oxia.cap
palochka.a
parenleft.dnom
parenleft.numr
parenright.dnom
parenright.numr
period.dnom
period.numr
period.subs
period.sups
period_period
period_period_period
perispomenicmb.cap
phi.a
plus_plus
plus_plus_plus
poop.e
q.sups
ringcmb.cap
robot.e
seven.cap
seven.dnom
seven.numr
seven.onum
sfthyphen.a
six.cap
six.dnom
six.numr
six.onum
slash.frac
slash_equal
smileface.e
space.frac
spade.e
three.cap
three.dnom
three.numr
three.onum
tildecmb.cap
tonos.cap
two.cap
two.dnom
two.numr
two.onum
varia.cap
variacmb
yi.a
zero.0
zero.0c
zero.0o
zero.cap
zero.dnom
zero.numr
zero.onum
2018-12-28 18:10:36,326 MutatorMath Writing font.ufo to ../Instances/Light/font.ufo
2018-12-28 18:10:38,743 MutatorMath Validating kerning font.ufo
2018-12-28 18:10:40,170 MutatorMath ../Instances/Light/font.ufo:
Missing unicodes for 293 glyphs: 
.notdef
Eng.a
Gtilde
IJacute
LIG
Lcat
a.a
a.supa
aacute.a
abreve.a
abreveacute.a
abrevecyr.a
abrevedotbelow.a
abrevegrave.a
abrevehoi.a
abrevetilde.a
acaron.a
acircumflex.a
acircumflexacute.a
acircumflexdotbelow.a
acircumflexgrave.a
acircumflexhoi.a
acircumflextilde.a
acutecmb.cap
acyr.a
adieresis.a
adotbelow.a
agrave.a
ahoi.a
amacron.a
ampersand_ampersand
anoteleia.cap
aogonek.a
aring.a
aringacute.a
asper.cap
asperacute.cap
asperacutecmb
aspercmb
aspergrave.cap
aspergravecmb
aspertilde.cap
aspertildecmb
asterisk.a
asterisk_asterisk_asterisk
asterisk_greater
at.case
atilde.a
backslash_backslash
bar_bar
bar_greater
be.srb
breveacutecmb
breveacutecmb.cap
brevecmb.cap
brevecmb.cyr
brevecmb.cyrcap
brevegravecmb
brevegravecmb.cap
brevehoicmb
brevehoicmb.cap
breveinvertedcmb.cap
brevetildecmb
brevetildecmb.cap
candrabinducmb.cap
caron.a
caroncmb.cap
carondotaccentcmb
carondotaccentcmb.cap
cedillacmb.cap
check.e
checkedbox.e
circumflexacutecmb
circumflexacutecmb.cap
circumflexbrevecmb
circumflexbrevecmb.cap
circumflexcmb.cap
circumflexgravecmb
circumflexgravecmb.cap
circumflexhoicmb
circumflexhoicmb.cap
circumflextildecmb
circumflextildecmb.cap
club.e
coffee.e
colon.sups
colon_colon
colon_colon_colon
comma.dnom
comma.numr
comma.subs
comma.sups
commabelowcmb.a
dblgravecmb.cap
dialytikagravecmb
diamond.e
dieresisacutecmb
dieresisacutecmb.cap
dieresiscaroncmb
dieresiscaroncmb.cap
dieresiscmb.cap
dieresisgravecmb
dieresisgravecmb.cap
dieresismacroncmb
dieresismacroncmb.cap
dieresistildecmb
dollar.a
dotaccentcmb.cap
dotlessi.a
eacute.sups
egrave.sups
eight.cap
eight.dnom
eight.numr
eight.onum
emdash.sups
endash.sups
eogonek.sups
equal_equal
equal_equal_equal
equal_equal_greater
equal_greater
equal_less_less
exclam_exclam
five.cap
five.dnom
five.numr
five.onum
four.cap
four.dnom
four.numr
four.onum
g.a
g.supa
gacute.a
gbreve.a
gcaron.a
gcircumflex.a
gcommaaccent.a
gdotaccent.a
gmacron.a
gravecmb.cap
greater_equal_greater
greater_greater
greater_greater_equal
greater_greater_greater
greater_greater_hyphen
greater_hyphen
gtilde
gtilde.a
heart.e
heartblackheavy.e
hhook.sups
hoicmb.cap
hungarumlautcmb.cap
hyphen.a
hyphen.sups
hyphen_greater
hyphen_greater_greater
hyphen_less
hyphen_less_less
hyphentwo.a
i.a
i.supa
iacute.a
ibreve.a
icaron.a
icircumflex.a
idieresis.a
idotbelow.a
igrave.a
ihoi.a
ijacute
imacron.a
invsmileface.e
iogonek.a
iogonek.d
iogonek.da
istroke.a
istroke.d
istroke.da
itilde.a
iukran.a
jcrossedtail.d
l.a
lacute.a
lbelt.a
lcaron.a
lcat
lcat.a
lcommaaccent.a
ldot.a
ldotbelow.a
ldotbelowmacron.a
lenis.cap
lenisacute.cap
lenisacutecmb
lenisgrave.cap
lenisgravecmb
lenistilde.cap
lenistildecmb
less_asterisk
less_asterisk_greater
less_bar
less_bar_greater
less_dollar_greater
less_equal_greater
less_equal_less
less_exclam_greater
less_greater
less_hyphen
less_hyphen_greater
less_less
less_less_less
less_plus_greater
llinebelow.a
lmiddletilde.a
lock.e
lslash.a
macronacutecmb
macronacutecmb.cap
macroncmb.cap
nbspace.frac
nine.cap
nine.dnom
nine.numr
nine.onum
notemusical.e
notesmusical.e
ogonekcmb.cap
one.a
one.ac
one.ao
one.cap
one.dnom
one.numr
one.onum
ordfeminine.a
overlinecmb.cap
oxia.cap
palochka.a
parenleft.dnom
parenleft.numr
parenright.dnom
parenright.numr
period.dnom
period.numr
period.subs
period.sups
period_period
period_period_period
perispomenicmb.cap
phi.a
plus_plus
plus_plus_plus
poop.e
q.sups
ringcmb.cap
robot.e
seven.cap
seven.dnom
seven.numr
seven.onum
sfthyphen.a
six.cap
six.dnom
six.numr
six.onum
slash.frac
slash_equal
smileface.e
space.frac
spade.e
three.cap
three.dnom
three.numr
three.onum
tildecmb.cap
tonos.cap
two.cap
two.dnom
two.numr
two.onum
varia.cap
variacmb
yi.a
zero.0
zero.0c
zero.0o
zero.cap
zero.dnom
zero.numr
zero.onum
2018-12-28 18:10:40,304 MutatorMath Writing font.ufo to ../Instances/Regular/font.ufo
2018-12-28 18:10:42,500 MutatorMath Validating kerning font.ufo
2018-12-28 18:10:43,921 MutatorMath ../Instances/Regular/font.ufo:
Missing unicodes for 293 glyphs: 
.notdef
Eng.a
Gtilde
IJacute
LIG
Lcat
a.a
a.supa
aacute.a
abreve.a
abreveacute.a
abrevecyr.a
abrevedotbelow.a
abrevegrave.a
abrevehoi.a
abrevetilde.a
acaron.a
acircumflex.a
acircumflexacute.a
acircumflexdotbelow.a
acircumflexgrave.a
acircumflexhoi.a
acircumflextilde.a
acutecmb.cap
acyr.a
adieresis.a
adotbelow.a
agrave.a
ahoi.a
amacron.a
ampersand_ampersand
anoteleia.cap
aogonek.a
aring.a
aringacute.a
asper.cap
asperacute.cap
asperacutecmb
aspercmb
aspergrave.cap
aspergravecmb
aspertilde.cap
aspertildecmb
asterisk.a
asterisk_asterisk_asterisk
asterisk_greater
at.case
atilde.a
backslash_backslash
bar_bar
bar_greater
be.srb
breveacutecmb
breveacutecmb.cap
brevecmb.cap
brevecmb.cyr
brevecmb.cyrcap
brevegravecmb
brevegravecmb.cap
brevehoicmb
brevehoicmb.cap
breveinvertedcmb.cap
brevetildecmb
brevetildecmb.cap
candrabinducmb.cap
caron.a
caroncmb.cap
carondotaccentcmb
carondotaccentcmb.cap
cedillacmb.cap
check.e
checkedbox.e
circumflexacutecmb
circumflexacutecmb.cap
circumflexbrevecmb
circumflexbrevecmb.cap
circumflexcmb.cap
circumflexgravecmb
circumflexgravecmb.cap
circumflexhoicmb
circumflexhoicmb.cap
circumflextildecmb
circumflextildecmb.cap
club.e
coffee.e
colon.sups
colon_colon
colon_colon_colon
comma.dnom
comma.numr
comma.subs
comma.sups
commabelowcmb.a
dblgravecmb.cap
dialytikagravecmb
diamond.e
dieresisacutecmb
dieresisacutecmb.cap
dieresiscaroncmb
dieresiscaroncmb.cap
dieresiscmb.cap
dieresisgravecmb
dieresisgravecmb.cap
dieresismacroncmb
dieresismacroncmb.cap
dieresistildecmb
dollar.a
dotaccentcmb.cap
dotlessi.a
eacute.sups
egrave.sups
eight.cap
eight.dnom
eight.numr
eight.onum
emdash.sups
endash.sups
eogonek.sups
equal_equal
equal_equal_equal
equal_equal_greater
equal_greater
equal_less_less
exclam_exclam
five.cap
five.dnom
five.numr
five.onum
four.cap
four.dnom
four.numr
four.onum
g.a
g.supa
gacute.a
gbreve.a
gcaron.a
gcircumflex.a
gcommaaccent.a
gdotaccent.a
gmacron.a
gravecmb.cap
greater_equal_greater
greater_greater
greater_greater_equal
greater_greater_greater
greater_greater_hyphen
greater_hyphen
gtilde
gtilde.a
heart.e
heartblackheavy.e
hhook.sups
hoicmb.cap
hungarumlautcmb.cap
hyphen.a
hyphen.sups
hyphen_greater
hyphen_greater_greater
hyphen_less
hyphen_less_less
hyphentwo.a
i.a
i.supa
iacute.a
ibreve.a
icaron.a
icircumflex.a
idieresis.a
idotbelow.a
igrave.a
ihoi.a
ijacute
imacron.a
invsmileface.e
iogonek.a
iogonek.d
iogonek.da
istroke.a
istroke.d
istroke.da
itilde.a
iukran.a
jcrossedtail.d
l.a
lacute.a
lbelt.a
lcaron.a
lcat
lcat.a
lcommaaccent.a
ldot.a
ldotbelow.a
ldotbelowmacron.a
lenis.cap
lenisacute.cap
lenisacutecmb
lenisgrave.cap
lenisgravecmb
lenistilde.cap
lenistildecmb
less_asterisk
less_asterisk_greater
less_bar
less_bar_greater
less_dollar_greater
less_equal_greater
less_equal_less
less_exclam_greater
less_greater
less_hyphen
less_hyphen_greater
less_less
less_less_less
less_plus_greater
llinebelow.a
lmiddletilde.a
lock.e
lslash.a
macronacutecmb
macronacutecmb.cap
macroncmb.cap
nbspace.frac
nine.cap
nine.dnom
nine.numr
nine.onum
notemusical.e
notesmusical.e
ogonekcmb.cap
one.a
one.ac
one.ao
one.cap
one.dnom
one.numr
one.onum
ordfeminine.a
overlinecmb.cap
oxia.cap
palochka.a
parenleft.dnom
parenleft.numr
parenright.dnom
parenright.numr
period.dnom
period.numr
period.subs
period.sups
period_period
period_period_period
perispomenicmb.cap
phi.a
plus_plus
plus_plus_plus
poop.e
q.sups
ringcmb.cap
robot.e
seven.cap
seven.dnom
seven.numr
seven.onum
sfthyphen.a
six.cap
six.dnom
six.numr
six.onum
slash.frac
slash_equal
smileface.e
space.frac
spade.e
three.cap
three.dnom
three.numr
three.onum
tildecmb.cap
tonos.cap
two.cap
two.dnom
two.numr
two.onum
varia.cap
variacmb
yi.a
zero.0
zero.0c
zero.0o
zero.cap
zero.dnom
zero.numr
zero.onum
2018-12-28 18:10:44,056 MutatorMath Writing font.ufo to ../Instances/Medium/font.ufo
2018-12-28 18:10:46,404 MutatorMath Validating kerning font.ufo
2018-12-28 18:10:47,889 MutatorMath ../Instances/Medium/font.ufo:
Missing unicodes for 293 glyphs: 
.notdef
Eng.a
Gtilde
IJacute
LIG
Lcat
a.a
a.supa
aacute.a
abreve.a
abreveacute.a
abrevecyr.a
abrevedotbelow.a
abrevegrave.a
abrevehoi.a
abrevetilde.a
acaron.a
acircumflex.a
acircumflexacute.a
acircumflexdotbelow.a
acircumflexgrave.a
acircumflexhoi.a
acircumflextilde.a
acutecmb.cap
acyr.a
adieresis.a
adotbelow.a
agrave.a
ahoi.a
amacron.a
ampersand_ampersand
anoteleia.cap
aogonek.a
aring.a
aringacute.a
asper.cap
asperacute.cap
asperacutecmb
aspercmb
aspergrave.cap
aspergravecmb
aspertilde.cap
aspertildecmb
asterisk.a
asterisk_asterisk_asterisk
asterisk_greater
at.case
atilde.a
backslash_backslash
bar_bar
bar_greater
be.srb
breveacutecmb
breveacutecmb.cap
brevecmb.cap
brevecmb.cyr
brevecmb.cyrcap
brevegravecmb
brevegravecmb.cap
brevehoicmb
brevehoicmb.cap
breveinvertedcmb.cap
brevetildecmb
brevetildecmb.cap
candrabinducmb.cap
caron.a
caroncmb.cap
carondotaccentcmb
carondotaccentcmb.cap
cedillacmb.cap
check.e
checkedbox.e
circumflexacutecmb
circumflexacutecmb.cap
circumflexbrevecmb
circumflexbrevecmb.cap
circumflexcmb.cap
circumflexgravecmb
circumflexgravecmb.cap
circumflexhoicmb
circumflexhoicmb.cap
circumflextildecmb
circumflextildecmb.cap
club.e
coffee.e
colon.sups
colon_colon
colon_colon_colon
comma.dnom
comma.numr
comma.subs
comma.sups
commabelowcmb.a
dblgravecmb.cap
dialytikagravecmb
diamond.e
dieresisacutecmb
dieresisacutecmb.cap
dieresiscaroncmb
dieresiscaroncmb.cap
dieresiscmb.cap
dieresisgravecmb
dieresisgravecmb.cap
dieresismacroncmb
dieresismacroncmb.cap
dieresistildecmb
dollar.a
dotaccentcmb.cap
dotlessi.a
eacute.sups
egrave.sups
eight.cap
eight.dnom
eight.numr
eight.onum
emdash.sups
endash.sups
eogonek.sups
equal_equal
equal_equal_equal
equal_equal_greater
equal_greater
equal_less_less
exclam_exclam
five.cap
five.dnom
five.numr
five.onum
four.cap
four.dnom
four.numr
four.onum
g.a
g.supa
gacute.a
gbreve.a
gcaron.a
gcircumflex.a
gcommaaccent.a
gdotaccent.a
gmacron.a
gravecmb.cap
greater_equal_greater
greater_greater
greater_greater_equal
greater_greater_greater
greater_greater_hyphen
greater_hyphen
gtilde
gtilde.a
heart.e
heartblackheavy.e
hhook.sups
hoicmb.cap
hungarumlautcmb.cap
hyphen.a
hyphen.sups
hyphen_greater
hyphen_greater_greater
hyphen_less
hyphen_less_less
hyphentwo.a
i.a
i.supa
iacute.a
ibreve.a
icaron.a
icircumflex.a
idieresis.a
idotbelow.a
igrave.a
ihoi.a
ijacute
imacron.a
invsmileface.e
iogonek.a
iogonek.d
iogonek.da
istroke.a
istroke.d
istroke.da
itilde.a
iukran.a
jcrossedtail.d
l.a
lacute.a
lbelt.a
lcaron.a
lcat
lcat.a
lcommaaccent.a
ldot.a
ldotbelow.a
ldotbelowmacron.a
lenis.cap
lenisacute.cap
lenisacutecmb
lenisgrave.cap
lenisgravecmb
lenistilde.cap
lenistildecmb
less_asterisk
less_asterisk_greater
less_bar
less_bar_greater
less_dollar_greater
less_equal_greater
less_equal_less
less_exclam_greater
less_greater
less_hyphen
less_hyphen_greater
less_less
less_less_less
less_plus_greater
llinebelow.a
lmiddletilde.a
lock.e
lslash.a
macronacutecmb
macronacutecmb.cap
macroncmb.cap
nbspace.frac
nine.cap
nine.dnom
nine.numr
nine.onum
notemusical.e
notesmusical.e
ogonekcmb.cap
one.a
one.ac
one.ao
one.cap
one.dnom
one.numr
one.onum
ordfeminine.a
overlinecmb.cap
oxia.cap
palochka.a
parenleft.dnom
parenleft.numr
parenright.dnom
parenright.numr
period.dnom
period.numr
period.subs
period.sups
period_period
period_period_period
perispomenicmb.cap
phi.a
plus_plus
plus_plus_plus
poop.e
q.sups
ringcmb.cap
robot.e
seven.cap
seven.dnom
seven.numr
seven.onum
sfthyphen.a
six.cap
six.dnom
six.numr
six.onum
slash.frac
slash_equal
smileface.e
space.frac
spade.e
three.cap
three.dnom
three.numr
three.onum
tildecmb.cap
tonos.cap
two.cap
two.dnom
two.numr
two.onum
varia.cap
variacmb
yi.a
zero.0
zero.0c
zero.0o
zero.cap
zero.dnom
zero.numr
zero.onum
2018-12-28 18:10:48,029 MutatorMath Writing font.ufo to ../Instances/Semibold/font.ufo
2018-12-28 18:10:50,225 MutatorMath Validating kerning font.ufo
2018-12-28 18:10:51,640 MutatorMath ../Instances/Semibold/font.ufo:
Missing unicodes for 293 glyphs: 
.notdef
Eng.a
Gtilde
IJacute
LIG
Lcat
a.a
a.supa
aacute.a
abreve.a
abreveacute.a
abrevecyr.a
abrevedotbelow.a
abrevegrave.a
abrevehoi.a
abrevetilde.a
acaron.a
acircumflex.a
acircumflexacute.a
acircumflexdotbelow.a
acircumflexgrave.a
acircumflexhoi.a
acircumflextilde.a
acutecmb.cap
acyr.a
adieresis.a
adotbelow.a
agrave.a
ahoi.a
amacron.a
ampersand_ampersand
anoteleia.cap
aogonek.a
aring.a
aringacute.a
asper.cap
asperacute.cap
asperacutecmb
aspercmb
aspergrave.cap
aspergravecmb
aspertilde.cap
aspertildecmb
asterisk.a
asterisk_asterisk_asterisk
asterisk_greater
at.case
atilde.a
backslash_backslash
bar_bar
bar_greater
be.srb
breveacutecmb
breveacutecmb.cap
brevecmb.cap
brevecmb.cyr
brevecmb.cyrcap
brevegravecmb
brevegravecmb.cap
brevehoicmb
brevehoicmb.cap
breveinvertedcmb.cap
brevetildecmb
brevetildecmb.cap
candrabinducmb.cap
caron.a
caroncmb.cap
carondotaccentcmb
carondotaccentcmb.cap
cedillacmb.cap
check.e
checkedbox.e
circumflexacutecmb
circumflexacutecmb.cap
circumflexbrevecmb
circumflexbrevecmb.cap
circumflexcmb.cap
circumflexgravecmb
circumflexgravecmb.cap
circumflexhoicmb
circumflexhoicmb.cap
circumflextildecmb
circumflextildecmb.cap
club.e
coffee.e
colon.sups
colon_colon
colon_colon_colon
comma.dnom
comma.numr
comma.subs
comma.sups
commabelowcmb.a
dblgravecmb.cap
dialytikagravecmb
diamond.e
dieresisacutecmb
dieresisacutecmb.cap
dieresiscaroncmb
dieresiscaroncmb.cap
dieresiscmb.cap
dieresisgravecmb
dieresisgravecmb.cap
dieresismacroncmb
dieresismacroncmb.cap
dieresistildecmb
dollar.a
dotaccentcmb.cap
dotlessi.a
eacute.sups
egrave.sups
eight.cap
eight.dnom
eight.numr
eight.onum
emdash.sups
endash.sups
eogonek.sups
equal_equal
equal_equal_equal
equal_equal_greater
equal_greater
equal_less_less
exclam_exclam
five.cap
five.dnom
five.numr
five.onum
four.cap
four.dnom
four.numr
four.onum
g.a
g.supa
gacute.a
gbreve.a
gcaron.a
gcircumflex.a
gcommaaccent.a
gdotaccent.a
gmacron.a
gravecmb.cap
greater_equal_greater
greater_greater
greater_greater_equal
greater_greater_greater
greater_greater_hyphen
greater_hyphen
gtilde
gtilde.a
heart.e
heartblackheavy.e
hhook.sups
hoicmb.cap
hungarumlautcmb.cap
hyphen.a
hyphen.sups
hyphen_greater
hyphen_greater_greater
hyphen_less
hyphen_less_less
hyphentwo.a
i.a
i.supa
iacute.a
ibreve.a
icaron.a
icircumflex.a
idieresis.a
idotbelow.a
igrave.a
ihoi.a
ijacute
imacron.a
invsmileface.e
iogonek.a
iogonek.d
iogonek.da
istroke.a
istroke.d
istroke.da
itilde.a
iukran.a
jcrossedtail.d
l.a
lacute.a
lbelt.a
lcaron.a
lcat
lcat.a
lcommaaccent.a
ldot.a
ldotbelow.a
ldotbelowmacron.a
lenis.cap
lenisacute.cap
lenisacutecmb
lenisgrave.cap
lenisgravecmb
lenistilde.cap
lenistildecmb
less_asterisk
less_asterisk_greater
less_bar
less_bar_greater
less_dollar_greater
less_equal_greater
less_equal_less
less_exclam_greater
less_greater
less_hyphen
less_hyphen_greater
less_less
less_less_less
less_plus_greater
llinebelow.a
lmiddletilde.a
lock.e
lslash.a
macronacutecmb
macronacutecmb.cap
macroncmb.cap
nbspace.frac
nine.cap
nine.dnom
nine.numr
nine.onum
notemusical.e
notesmusical.e
ogonekcmb.cap
one.a
one.ac
one.ao
one.cap
one.dnom
one.numr
one.onum
ordfeminine.a
overlinecmb.cap
oxia.cap
palochka.a
parenleft.dnom
parenleft.numr
parenright.dnom
parenright.numr
period.dnom
period.numr
period.subs
period.sups
period_period
period_period_period
perispomenicmb.cap
phi.a
plus_plus
plus_plus_plus
poop.e
q.sups
ringcmb.cap
robot.e
seven.cap
seven.dnom
seven.numr
seven.onum
sfthyphen.a
six.cap
six.dnom
six.numr
six.onum
slash.frac
slash_equal
smileface.e
space.frac
spade.e
three.cap
three.dnom
three.numr
three.onum
tildecmb.cap
tonos.cap
two.cap
two.dnom
two.numr
two.onum
varia.cap
variacmb
yi.a
zero.0
zero.0c
zero.0o
zero.cap
zero.dnom
zero.numr
zero.onum
2018-12-28 18:10:51,776 MutatorMath Writing font.ufo to ../Instances/Bold/font.ufo
2018-12-28 18:10:54,015 MutatorMath Validating kerning font.ufo
2018-12-28 18:10:55,457 MutatorMath ../Instances/Bold/font.ufo:
Missing unicodes for 293 glyphs: 
.notdef
Eng.a
Gtilde
IJacute
LIG
Lcat
a.a
a.supa
aacute.a
abreve.a
abreveacute.a
abrevecyr.a
abrevedotbelow.a
abrevegrave.a
abrevehoi.a
abrevetilde.a
acaron.a
acircumflex.a
acircumflexacute.a
acircumflexdotbelow.a
acircumflexgrave.a
acircumflexhoi.a
acircumflextilde.a
acutecmb.cap
acyr.a
adieresis.a
adotbelow.a
agrave.a
ahoi.a
amacron.a
ampersand_ampersand
anoteleia.cap
aogonek.a
aring.a
aringacute.a
asper.cap
asperacute.cap
asperacutecmb
aspercmb
aspergrave.cap
aspergravecmb
aspertilde.cap
aspertildecmb
asterisk.a
asterisk_asterisk_asterisk
asterisk_greater
at.case
atilde.a
backslash_backslash
bar_bar
bar_greater
be.srb
breveacutecmb
breveacutecmb.cap
brevecmb.cap
brevecmb.cyr
brevecmb.cyrcap
brevegravecmb
brevegravecmb.cap
brevehoicmb
brevehoicmb.cap
breveinvertedcmb.cap
brevetildecmb
brevetildecmb.cap
candrabinducmb.cap
caron.a
caroncmb.cap
carondotaccentcmb
carondotaccentcmb.cap
cedillacmb.cap
check.e
checkedbox.e
circumflexacutecmb
circumflexacutecmb.cap
circumflexbrevecmb
circumflexbrevecmb.cap
circumflexcmb.cap
circumflexgravecmb
circumflexgravecmb.cap
circumflexhoicmb
circumflexhoicmb.cap
circumflextildecmb
circumflextildecmb.cap
club.e
coffee.e
colon.sups
colon_colon
colon_colon_colon
comma.dnom
comma.numr
comma.subs
comma.sups
commabelowcmb.a
dblgravecmb.cap
dialytikagravecmb
diamond.e
dieresisacutecmb
dieresisacutecmb.cap
dieresiscaroncmb
dieresiscaroncmb.cap
dieresiscmb.cap
dieresisgravecmb
dieresisgravecmb.cap
dieresismacroncmb
dieresismacroncmb.cap
dieresistildecmb
dollar.a
dotaccentcmb.cap
dotlessi.a
eacute.sups
egrave.sups
eight.cap
eight.dnom
eight.numr
eight.onum
emdash.sups
endash.sups
eogonek.sups
equal_equal
equal_equal_equal
equal_equal_greater
equal_greater
equal_less_less
exclam_exclam
five.cap
five.dnom
five.numr
five.onum
four.cap
four.dnom
four.numr
four.onum
g.a
g.supa
gacute.a
gbreve.a
gcaron.a
gcircumflex.a
gcommaaccent.a
gdotaccent.a
gmacron.a
gravecmb.cap
greater_equal_greater
greater_greater
greater_greater_equal
greater_greater_greater
greater_greater_hyphen
greater_hyphen
gtilde
gtilde.a
heart.e
heartblackheavy.e
hhook.sups
hoicmb.cap
hungarumlautcmb.cap
hyphen.a
hyphen.sups
hyphen_greater
hyphen_greater_greater
hyphen_less
hyphen_less_less
hyphentwo.a
i.a
i.supa
iacute.a
ibreve.a
icaron.a
icircumflex.a
idieresis.a
idotbelow.a
igrave.a
ihoi.a
ijacute
imacron.a
invsmileface.e
iogonek.a
iogonek.d
iogonek.da
istroke.a
istroke.d
istroke.da
itilde.a
iukran.a
jcrossedtail.d
l.a
lacute.a
lbelt.a
lcaron.a
lcat
lcat.a
lcommaaccent.a
ldot.a
ldotbelow.a
ldotbelowmacron.a
lenis.cap
lenisacute.cap
lenisacutecmb
lenisgrave.cap
lenisgravecmb
lenistilde.cap
lenistildecmb
less_asterisk
less_asterisk_greater
less_bar
less_bar_greater
less_dollar_greater
less_equal_greater
less_equal_less
less_exclam_greater
less_greater
less_hyphen
less_hyphen_greater
less_less
less_less_less
less_plus_greater
llinebelow.a
lmiddletilde.a
lock.e
lslash.a
macronacutecmb
macronacutecmb.cap
macroncmb.cap
nbspace.frac
nine.cap
nine.dnom
nine.numr
nine.onum
notemusical.e
notesmusical.e
ogonekcmb.cap
one.a
one.ac
one.ao
one.cap
one.dnom
one.numr
one.onum
ordfeminine.a
overlinecmb.cap
oxia.cap
palochka.a
parenleft.dnom
parenleft.numr
parenright.dnom
parenright.numr
period.dnom
period.numr
period.subs
period.sups
period_period
period_period_period
perispomenicmb.cap
phi.a
plus_plus
plus_plus_plus
poop.e
q.sups
ringcmb.cap
robot.e
seven.cap
seven.dnom
seven.numr
seven.onum
sfthyphen.a
six.cap
six.dnom
six.numr
six.onum
slash.frac
slash_equal
smileface.e
space.frac
spade.e
three.cap
three.dnom
three.numr
three.onum
tildecmb.cap
tonos.cap
two.cap
two.dnom
two.numr
two.onum
varia.cap
variacmb
yi.a
zero.0
zero.0c
zero.0o
zero.cap
zero.dnom
zero.numr
zero.onum
2018-12-28 18:10:55,593 MutatorMath Writing font.ufo to ../Instances/Black/font.ufo
2018-12-28 18:10:57,966 MutatorMath Validating kerning font.ufo
2018-12-28 18:10:59,407 MutatorMath ../Instances/Black/font.ufo:
Missing unicodes for 293 glyphs: 
.notdef
Eng.a
Gtilde
IJacute
LIG
Lcat
a.a
a.supa
aacute.a
abreve.a
abreveacute.a
abrevecyr.a
abrevedotbelow.a
abrevegrave.a
abrevehoi.a
abrevetilde.a
acaron.a
acircumflex.a
acircumflexacute.a
acircumflexdotbelow.a
acircumflexgrave.a
acircumflexhoi.a
acircumflextilde.a
acutecmb.cap
acyr.a
adieresis.a
adotbelow.a
agrave.a
ahoi.a
amacron.a
ampersand_ampersand
anoteleia.cap
aogonek.a
aring.a
aringacute.a
asper.cap
asperacute.cap
asperacutecmb
aspercmb
aspergrave.cap
aspergravecmb
aspertilde.cap
aspertildecmb
asterisk.a
asterisk_asterisk_asterisk
asterisk_greater
at.case
atilde.a
backslash_backslash
bar_bar
bar_greater
be.srb
breveacutecmb
breveacutecmb.cap
brevecmb.cap
brevecmb.cyr
brevecmb.cyrcap
brevegravecmb
brevegravecmb.cap
brevehoicmb
brevehoicmb.cap
breveinvertedcmb.cap
brevetildecmb
brevetildecmb.cap
candrabinducmb.cap
caron.a
caroncmb.cap
carondotaccentcmb
carondotaccentcmb.cap
cedillacmb.cap
check.e
checkedbox.e
circumflexacutecmb
circumflexacutecmb.cap
circumflexbrevecmb
circumflexbrevecmb.cap
circumflexcmb.cap
circumflexgravecmb
circumflexgravecmb.cap
circumflexhoicmb
circumflexhoicmb.cap
circumflextildecmb
circumflextildecmb.cap
club.e
coffee.e
colon.sups
colon_colon
colon_colon_colon
comma.dnom
comma.numr
comma.subs
comma.sups
commabelowcmb.a
dblgravecmb.cap
dialytikagravecmb
diamond.e
dieresisacutecmb
dieresisacutecmb.cap
dieresiscaroncmb
dieresiscaroncmb.cap
dieresiscmb.cap
dieresisgravecmb
dieresisgravecmb.cap
dieresismacroncmb
dieresismacroncmb.cap
dieresistildecmb
dollar.a
dotaccentcmb.cap
dotlessi.a
eacute.sups
egrave.sups
eight.cap
eight.dnom
eight.numr
eight.onum
emdash.sups
endash.sups
eogonek.sups
equal_equal
equal_equal_equal
equal_equal_greater
equal_greater
equal_less_less
exclam_exclam
five.cap
five.dnom
five.numr
five.onum
four.cap
four.dnom
four.numr
four.onum
g.a
g.supa
gacute.a
gbreve.a
gcaron.a
gcircumflex.a
gcommaaccent.a
gdotaccent.a
gmacron.a
gravecmb.cap
greater_equal_greater
greater_greater
greater_greater_equal
greater_greater_greater
greater_greater_hyphen
greater_hyphen
gtilde
gtilde.a
heart.e
heartblackheavy.e
hhook.sups
hoicmb.cap
hungarumlautcmb.cap
hyphen.a
hyphen.sups
hyphen_greater
hyphen_greater_greater
hyphen_less
hyphen_less_less
hyphentwo.a
i.a
i.supa
iacute.a
ibreve.a
icaron.a
icircumflex.a
idieresis.a
idotbelow.a
igrave.a
ihoi.a
ijacute
imacron.a
invsmileface.e
iogonek.a
iogonek.d
iogonek.da
istroke.a
istroke.d
istroke.da
itilde.a
iukran.a
jcrossedtail.d
l.a
lacute.a
lbelt.a
lcaron.a
lcat
lcat.a
lcommaaccent.a
ldot.a
ldotbelow.a
ldotbelowmacron.a
lenis.cap
lenisacute.cap
lenisacutecmb
lenisgrave.cap
lenisgravecmb
lenistilde.cap
lenistildecmb
less_asterisk
less_asterisk_greater
less_bar
less_bar_greater
less_dollar_greater
less_equal_greater
less_equal_less
less_exclam_greater
less_greater
less_hyphen
less_hyphen_greater
less_less
less_less_less
less_plus_greater
llinebelow.a
lmiddletilde.a
lock.e
lslash.a
macronacutecmb
macronacutecmb.cap
macroncmb.cap
nbspace.frac
nine.cap
nine.dnom
nine.numr
nine.onum
notemusical.e
notesmusical.e
ogonekcmb.cap
one.a
one.ac
one.ao
one.cap
one.dnom
one.numr
one.onum
ordfeminine.a
overlinecmb.cap
oxia.cap
palochka.a
parenleft.dnom
parenleft.numr
parenright.dnom
parenright.numr
period.dnom
period.numr
period.subs
period.sups
period_period
period_period_period
perispomenicmb.cap
phi.a
plus_plus
plus_plus_plus
poop.e
q.sups
ringcmb.cap
robot.e
seven.cap
seven.dnom
seven.numr
seven.onum
sfthyphen.a
six.cap
six.dnom
six.numr
six.onum
slash.frac
slash_equal
smileface.e
space.frac
spade.e
three.cap
three.dnom
three.numr
three.onum
tildecmb.cap
tonos.cap
two.cap
two.dnom
two.numr
two.onum
varia.cap
variacmb
yi.a
zero.0
zero.0c
zero.0o
zero.cap
zero.dnom
zero.numr
zero.onum
2018-12-28 18:10:59,533 MutatorMath Done
